0 info it worked if it ends with ok
1 verbose cli [ 'C:\\Program Files\\nodejs\\\\node.exe',
1 verbose cli   'C:\\Program Files\\nodejs\\node_modules\\npm\\bin\\npm-cli.js',
1 verbose cli   'install',
1 verbose cli   'node-sqlserver' ]
2 info using npm@2.11.3
3 info using node@v0.12.7
4 verbose config Skipping project config: C:\Users\krishnak/.npmrc. (matches userconfig)
5 verbose install initial load of C:\Users\krishnak\package.json
6 verbose installManyTop reading scoped package data from C:\Users\krishnak\node_modules\restify\package.json
7 info package.json restify@3.0.3 No license field.
8 verbose readDependencies loading dependencies from C:\Users\krishnak\package.json
9 silly cache add args [ 'node-sqlserver', null ]
10 verbose cache add spec node-sqlserver
11 silly cache add parsed spec { raw: 'node-sqlserver',
11 silly cache add   scope: null,
11 silly cache add   name: 'node-sqlserver',
11 silly cache add   rawSpec: '',
11 silly cache add   spec: '*',
11 silly cache add   type: 'range' }
12 silly addNamed node-sqlserver@*
13 verbose addNamed "*" is a valid semver range for node-sqlserver
14 silly addNameRange { name: 'node-sqlserver', range: '*', hasData: false }
15 silly mapToRegistry name node-sqlserver
16 silly mapToRegistry using default registry
17 silly mapToRegistry registry https://registry.npmjs.org/
18 silly mapToRegistry uri https://registry.npmjs.org/node-sqlserver
19 verbose addNameRange registry:https://registry.npmjs.org/node-sqlserver not in flight; fetching
20 verbose request uri https://registry.npmjs.org/node-sqlserver
21 verbose request no auth needed
22 info attempt registry request try #1 at 7:19:11 PM
23 verbose request id 0b86e4d13446b2fe
24 verbose etag "8BGAPO85NAUXE37NOU7ZVGUSM"
25 http request GET https://registry.npmjs.org/node-sqlserver
26 http 304 https://registry.npmjs.org/node-sqlserver
27 silly get cb [ 304,
27 silly get   { date: 'Tue, 28 Jul 2015 13:49:12 GMT',
27 silly get     via: '1.1 varnish',
27 silly get     'cache-control': 'max-age=60',
27 silly get     etag: '"8BGAPO85NAUXE37NOU7ZVGUSM"',
27 silly get     age: '0',
27 silly get     connection: 'keep-alive',
27 silly get     'x-served-by': 'cache-sin6920-SIN',
27 silly get     'x-cache': 'MISS',
27 silly get     'x-cache-hits': '0',
27 silly get     'x-timer': 'S1438091352.299673,VS0,VE252',
27 silly get     vary: 'Accept' } ]
28 verbose etag https://registry.npmjs.org/node-sqlserver from cache
29 verbose get saving node-sqlserver to C:\Users\krishnak\AppData\Roaming\npm-cache\registry.npmjs.org\node-sqlserver\.cache.json
30 silly addNameRange number 2 { name: 'node-sqlserver', range: '*', hasData: true }
31 silly addNameRange versions [ 'node-sqlserver', [ '0.1.0' ] ]
32 silly addNamed node-sqlserver@0.1.0
33 verbose addNamed "0.1.0" is a plain semver version for node-sqlserver
34 warn deprecated node-sqlserver@0.1.0: This package has been superseded by msnodesql.
35 silly cache afterAdd node-sqlserver@0.1.0
36 verbose afterAdd C:\Users\krishnak\AppData\Roaming\npm-cache\node-sqlserver\0.1.0\package\package.json not in flight; writing
37 verbose afterAdd C:\Users\krishnak\AppData\Roaming\npm-cache\node-sqlserver\0.1.0\package\package.json written
38 silly install resolved [ { name: 'node-sqlserver',
38 silly install resolved     description: 'Microsoft Driver for Node.js for SQL Server',
38 silly install resolved     author: { name: 'Microsoft Corp.' },
38 silly install resolved     contributors: [ [Object], [Object], [Object], [Object], [Object] ],
38 silly install resolved     version: '0.1.0',
38 silly install resolved     keywords: [ 'sql', 'database', 'mssql', 'azure', 'sqlserver', 'tds' ],
38 silly install resolved     homepage: 'https://github.com/WindowsAzure/node-sqlserver',
38 silly install resolved     bugs: { url: 'https://github.com/WindowsAzure/node-sqlserver/issues' },
38 silly install resolved     licenses: [ [Object] ],
38 silly install resolved     main: './lib/sql.js',
38 silly install resolved     repository:
38 silly install resolved      { type: 'git',
38 silly install resolved        url: 'git://github.com/WindowsAzure/node-sqlserver.git' },
38 silly install resolved     engines: { node: '0.6' },
38 silly install resolved     devDependencies: { mocha: '0.14.x', async: '0.1.x' },
38 silly install resolved     _npmUser: { name: 'jguerin', email: 'jguerin@microsoft.com' },
38 silly install resolved     _id: 'node-sqlserver@0.1.0',
38 silly install resolved     scripts: { install: 'node-gyp rebuild' },
38 silly install resolved     dependencies: {},
38 silly install resolved     optionalDependencies: {},
38 silly install resolved     _engineSupported: true,
38 silly install resolved     _npmVersion: '1.1.24',
38 silly install resolved     _nodeVersion: 'v0.6.19',
38 silly install resolved     _defaultsLoaded: true,
38 silly install resolved     dist:
38 silly install resolved      { shasum: '8b6ef6375ca20ca322f9e259bb870747a2cb8e6f',
38 silly install resolved        tarball: 'http://registry.npmjs.org/node-sqlserver/-/node-sqlserver-0.1.0.tgz' },
38 silly install resolved     maintainers: [ [Object] ],
38 silly install resolved     directories: {},
38 silly install resolved     deprecated: 'This package has been superseded by msnodesql.',
38 silly install resolved     _shasum: '8b6ef6375ca20ca322f9e259bb870747a2cb8e6f',
38 silly install resolved     _resolved: 'https://registry.npmjs.org/node-sqlserver/-/node-sqlserver-0.1.0.tgz',
38 silly install resolved     _from: 'node-sqlserver@*',
38 silly install resolved     gypfile: true,
38 silly install resolved     readme: 'ERROR: No README data found!' } ]
39 info install node-sqlserver@0.1.0 into C:\Users\krishnak
40 info installOne node-sqlserver@0.1.0
41 verbose installOne of node-sqlserver to C:\Users\krishnak not in flight; installing
42 verbose lock using C:\Users\krishnak\AppData\Roaming\npm-cache\_locks\node-sqlserver-5b0b5a8ba24d2c3d.lock for C:\Users\krishnak\node_modules\node-sqlserver
43 warn engine node-sqlserver@0.1.0: wanted: {"node":"0.6"} (current: {"node":"0.12.7","npm":"2.11.3"})
44 silly install write writing node-sqlserver 0.1.0 to C:\Users\krishnak\node_modules\node-sqlserver
45 verbose unbuild node_modules\node-sqlserver
46 silly gentlyRm C:\Users\krishnak\node_modules\node-sqlserver is being purged from base C:\Users\krishnak
47 verbose gentlyRm don't care about contents; nuking C:\Users\krishnak\node_modules\node-sqlserver
48 verbose tar unpack C:\Users\krishnak\AppData\Roaming\npm-cache\node-sqlserver\0.1.0\package.tgz
49 verbose tar unpacking to C:\Users\krishnak\node_modules\node-sqlserver
50 silly gentlyRm C:\Users\krishnak\node_modules\node-sqlserver is being purged
51 verbose gentlyRm don't care about contents; nuking C:\Users\krishnak\node_modules\node-sqlserver
52 silly gunzTarPerm modes [ '777', '666' ]
53 silly gunzTarPerm extractEntry package.json
54 silly gunzTarPerm modified mode [ 'package.json', 420, 438 ]
55 silly gunzTarPerm extractEntry .npmignore
56 silly gunzTarPerm modified mode [ '.npmignore', 420, 438 ]
57 silly gunzTarPerm extractEntry README.md
58 silly gunzTarPerm modified mode [ 'README.md', 420, 438 ]
59 silly gunzTarPerm extractEntry LICENSE
60 silly gunzTarPerm modified mode [ 'LICENSE', 420, 438 ]
61 silly gunzTarPerm extractEntry binding.gyp
62 silly gunzTarPerm modified mode [ 'binding.gyp', 420, 438 ]
63 silly gunzTarPerm extractEntry lib/sql.js
64 silly gunzTarPerm modified mode [ 'lib/sql.js', 420, 438 ]
65 silly gunzTarPerm extractEntry src/OdbcOperation.cpp
66 silly gunzTarPerm modified mode [ 'src/OdbcOperation.cpp', 420, 438 ]
67 silly gunzTarPerm extractEntry src/Column.h
68 silly gunzTarPerm modified mode [ 'src/Column.h', 420, 438 ]
69 silly gunzTarPerm extractEntry src/Connection.h
70 silly gunzTarPerm modified mode [ 'src/Connection.h', 420, 438 ]
71 silly gunzTarPerm extractEntry src/OdbcConnection.cpp
72 silly gunzTarPerm modified mode [ 'src/OdbcConnection.cpp', 420, 438 ]
73 silly gunzTarPerm extractEntry src/OdbcConnection.h
74 silly gunzTarPerm modified mode [ 'src/OdbcConnection.h', 420, 438 ]
75 silly gunzTarPerm extractEntry src/OdbcConnectionBridge.h
76 silly gunzTarPerm modified mode [ 'src/OdbcConnectionBridge.h', 420, 438 ]
77 silly gunzTarPerm extractEntry src/OdbcException.cpp
78 silly gunzTarPerm modified mode [ 'src/OdbcException.cpp', 420, 438 ]
79 silly gunzTarPerm extractEntry src/OdbcException.h
80 silly gunzTarPerm modified mode [ 'src/OdbcException.h', 420, 438 ]
81 silly gunzTarPerm extractEntry src/OdbcHandle.h
82 silly gunzTarPerm modified mode [ 'src/OdbcHandle.h', 420, 438 ]
83 silly gunzTarPerm extractEntry src/Connection.cpp
84 silly gunzTarPerm modified mode [ 'src/Connection.cpp', 420, 438 ]
85 silly gunzTarPerm extractEntry src/OdbcOperation.h
86 silly gunzTarPerm modified mode [ 'src/OdbcOperation.h', 420, 438 ]
87 silly gunzTarPerm extractEntry src/Operation.h
88 silly gunzTarPerm modified mode [ 'src/Operation.h', 420, 438 ]
89 silly gunzTarPerm extractEntry src/ResultSet.cpp
90 silly gunzTarPerm modified mode [ 'src/ResultSet.cpp', 420, 438 ]
91 silly gunzTarPerm extractEntry src/ResultSet.h
92 silly gunzTarPerm modified mode [ 'src/ResultSet.h', 420, 438 ]
93 silly gunzTarPerm extractEntry src/stdafx.cpp
94 silly gunzTarPerm modified mode [ 'src/stdafx.cpp', 420, 438 ]
95 silly gunzTarPerm extractEntry src/stdafx.h
96 silly gunzTarPerm modified mode [ 'src/stdafx.h', 420, 438 ]
97 silly gunzTarPerm extractEntry src/Utility.cpp
98 silly gunzTarPerm modified mode [ 'src/Utility.cpp', 420, 438 ]
99 silly gunzTarPerm extractEntry src/Utility.h
100 silly gunzTarPerm modified mode [ 'src/Utility.h', 420, 438 ]
101 silly gunzTarPerm extractEntry test/connect.js
102 silly gunzTarPerm modified mode [ 'test/connect.js', 420, 438 ]
103 silly gunzTarPerm extractEntry test/query.js
104 silly gunzTarPerm modified mode [ 'test/query.js', 420, 438 ]
105 silly gunzTarPerm extractEntry test/runtests.js
106 silly gunzTarPerm modified mode [ 'test/runtests.js', 420, 438 ]
107 silly gunzTarPerm extractEntry test/test-config.js
108 silly gunzTarPerm modified mode [ 'test/test-config.js', 420, 438 ]
109 silly gunzTarPerm extractEntry test/txn.js
110 silly gunzTarPerm modified mode [ 'test/txn.js', 420, 438 ]
111 silly gunzTarPerm extractEntry test/testlist.txt
112 silly gunzTarPerm modified mode [ 'test/testlist.txt', 420, 438 ]
113 verbose write writing to C:\Users\krishnak\node_modules\node-sqlserver\package.json
114 info preinstall node-sqlserver@0.1.0
115 verbose readDependencies loading dependencies from C:\Users\krishnak\node_modules\node-sqlserver\package.json
116 verbose readDependencies loading dependencies from C:\Users\krishnak\node_modules\node-sqlserver\package.json
117 silly install resolved []
118 verbose about to build C:\Users\krishnak\node_modules\node-sqlserver
119 info build C:\Users\krishnak\node_modules\node-sqlserver
120 info linkStuff node-sqlserver@0.1.0
121 silly linkStuff node-sqlserver@0.1.0 has C:\Users\krishnak\node_modules as its parent node_modules
122 verbose linkBins node-sqlserver@0.1.0
123 verbose linkMans node-sqlserver@0.1.0
124 verbose rebuildBundles node-sqlserver@0.1.0
125 info install node-sqlserver@0.1.0
126 verbose unsafe-perm in lifecycle true
127 info node-sqlserver@0.1.0 Failed to exec install script
128 verbose unlock done using C:\Users\krishnak\AppData\Roaming\npm-cache\_locks\node-sqlserver-5b0b5a8ba24d2c3d.lock for C:\Users\krishnak\node_modules\node-sqlserver
129 verbose stack Error: node-sqlserver@0.1.0 install: `node-gyp rebuild`
129 verbose stack Exit status 1
129 verbose stack     at EventEmitter.<anonymous> (C:\Program Files\nodejs\node_modules\npm\lib\utils\lifecycle.js:213:16)
129 verbose stack     at EventEmitter.emit (events.js:110:17)
129 verbose stack     at ChildProcess.<anonymous> (C:\Program Files\nodejs\node_modules\npm\lib\utils\spawn.js:24:14)
129 verbose stack     at ChildProcess.emit (events.js:110:17)
129 verbose stack     at maybeClose (child_process.js:1015:16)
129 verbose stack     at Process.ChildProcess._handle.onexit (child_process.js:1087:5)
130 verbose pkgid node-sqlserver@0.1.0
131 verbose cwd C:\Users\krishnak\Documents\NodeJS\pro
132 error Windows_NT 6.1.7601
133 error argv "C:\\Program Files\\nodejs\\\\node.exe" "C:\\Program Files\\nodejs\\node_modules\\npm\\bin\\npm-cli.js" "install" "node-sqlserver"
134 error node v0.12.7
135 error npm  v2.11.3
136 error code ELIFECYCLE
137 error node-sqlserver@0.1.0 install: `node-gyp rebuild`
137 error Exit status 1
138 error Failed at the node-sqlserver@0.1.0 install script 'node-gyp rebuild'.
138 error This is most likely a problem with the node-sqlserver package,
138 error not with npm itself.
138 error Tell the author that this fails on your system:
138 error     node-gyp rebuild
138 error You can get their info via:
138 error     npm owner ls node-sqlserver
138 error There is likely additional logging output above.
139 verbose exit [ 1, true ]
140 verbose unbuild node_modules\node-sqlserver
141 info preuninstall node-sqlserver@0.1.0
142 info uninstall node-sqlserver@0.1.0
143 verbose unbuild rmStuff node-sqlserver@0.1.0 from C:\Users\krishnak\node_modules
144 info postuninstall node-sqlserver@0.1.0
145 silly gentlyRm C:\Users\krishnak\node_modules\node-sqlserver is being purged from base C:\Users\krishnak
146 verbose gentlyRm don't care about contents; nuking C:\Users\krishnak\node_modules\node-sqlserver
147 silly vacuum-fs purging C:\Users\krishnak\node_modules\node-sqlserver
148 silly vacuum-fs quitting because other entries in C:\Users\krishnak\node_modules
